<?xml version="1.0" encoding="UTF-8"?>
<!-- Generated by org.testng.reporters.JUnitReportReporter -->
<testsuite hostname="Thanusiyans-MacBook-Pro.local" failures="0" tests="7" name="org.itqa.runners.TestRunner" time="42.818" errors="0" timestamp="2025-01-03T13:50:19 IST" skipped="0">
  <testcase classname="org.itqa.runners.TestRunner" name="runScenario" time="4.048"/>
  <testcase classname="org.itqa.runners.TestRunner" name="runScenario" time="14.188"/>
  <testcase classname="org.itqa.runners.TestRunner" name="runScenario" time="6.908"/>
  <testcase classname="org.itqa.runners.TestRunner" name="runScenario" time="4.532"/>
  <testcase classname="org.itqa.runners.TestRunner" name="runScenario" time="5.250"/>
  <testcase classname="org.itqa.runners.TestRunner" name="runScenario" time="3.210"/>
  <testcase classname="org.itqa.runners.TestRunner" name="runScenario" time="4.682"/>
</testsuite> <!-- org.itqa.runners.TestRunner -->
