<?xml version="1.0" encoding="UTF-8"?>
<!-- Generated by org.testng.reporters.JUnitReportReporter -->
<testsuite hostname="Thanusiyans-MacBook-Pro.local" failures="0" tests="2" name="org.itqa.runners.TestRunner" time="10.025" errors="0" timestamp="2025-01-01T18:49:16 IST" skipped="0">
  <testcase classname="org.itqa.runners.TestRunner" name="runScenario" time="8.720"/>
  <testcase classname="org.itqa.runners.TestRunner" name="runScenario" time="1.305"/>
</testsuite> <!-- org.itqa.runners.TestRunner -->
