<?xml version="1.0" encoding="UTF-8"?>
<!-- Generated by org.testng.reporters.JUnitReportReporter -->
<testsuite hostname="Thanusiyans-MacBook-Pro.local" failures="0" tests="11" name="org.itqa.runners.TestRunner" time="45.050" errors="0" timestamp="2025-01-03T22:59:34 IST" skipped="0">
  <testcase classname="org.itqa.runners.TestRunner" name="runScenario" time="4.149"/>
  <testcase classname="org.itqa.runners.TestRunner" name="runScenario" time="3.819"/>
  <testcase classname="org.itqa.runners.TestRunner" name="runScenario" time="1.925"/>
  <testcase classname="org.itqa.runners.TestRunner" name="runScenario" time="2.591"/>
  <testcase classname="org.itqa.runners.TestRunner" name="runScenario" time="4.490"/>
  <testcase classname="org.itqa.runners.TestRunner" name="runScenario" time="8.371"/>
  <testcase classname="org.itqa.runners.TestRunner" name="runScenario" time="2.682"/>
  <testcase classname="org.itqa.runners.TestRunner" name="runScenario" time="4.172"/>
  <testcase classname="org.itqa.runners.TestRunner" name="runScenario" time="4.596"/>
  <testcase classname="org.itqa.runners.TestRunner" name="runScenario" time="4.977"/>
  <testcase classname="org.itqa.runners.TestRunner" name="runScenario" time="3.278"/>
</testsuite> <!-- org.itqa.runners.TestRunner -->
