<?xml version="1.0" encoding="UTF-8"?>
<!-- Generated by org.testng.reporters.JUnitReportReporter -->
<testsuite hostname="Thanusiyans-MacBook-Pro.local" failures="0" tests="2" name="org.itqa.runners.TestRunner" time="19.297" errors="0" timestamp="2025-01-01T20:14:26 IST" skipped="0">
  <testcase classname="org.itqa.runners.TestRunner" name="runScenario" time="10.995"/>
  <testcase classname="org.itqa.runners.TestRunner" name="runScenario" time="8.302"/>
</testsuite> <!-- org.itqa.runners.TestRunner -->
